<?xml version="1.0" encoding="UTF-8"?>
<Site BuildName="Linux-g++"
	BuildStamp="20240318-1130-Experimental"
	Name="oleksandr-System-Product-Name"
	Generator="ctest-3.22.1"
	CompilerName="/usr/bin/g++"
	CompilerVersion=""
	OSName="Linux"
	Hostname="oleksandr-System-Product-Name"
	OSRelease="6.5.0-25-generic"
	OSVersion="#25~22.04.1-Ubuntu SMP PREEMPT_DYNAMIC Tue Feb 20 16:09:15 UTC 2"
	OSPlatform="x86_64"
	Is64Bits="1"
	VendorString="GenuineIntel"
	VendorID="Intel Corporation"
	FamilyID="6"
	ModelID="58"
	ProcessorCacheSize="6144"
	NumberOfLogicalCPU="4"
	NumberOfPhysicalCPU="4"
	TotalVirtualMemory="2047"
	TotalPhysicalMemory="15949"
	LogicalProcessorsPerPhysical="1"
	ProcessorClockFrequency="3118.77"
	>
	<Testing>
		<StartDateTime>Mar 18 17:55 EET</StartDateTime>
		<StartTestTime>1710777349</StartTestTime>
		<TestList/>
		<EndDateTime>Mar 18 17:55 EET</EndDateTime>
		<EndTestTime>1710777349</EndTestTime>
		<ElapsedMinutes>0</ElapsedMinutes>
	</Testing>
</Site>
